==============================================================
Vitis HLS - High-Level Synthesis from C, C++ and OpenCL v2021.1 (64-bit)
Copyright 1986-2021 Xilinx, Inc. All Rights Reserved.
==============================================================
INFO: [HLS 200-1505] Using default flow_target 'vivado'
INFO: [HLS 200-1510] Running: set_part xc7z020clg484 
INFO: [HLS 200-1611] Setting target device to 'xc7z020-clg484-3'
INFO: [HLS 200-1510] Running: create_clock -period 10ns 
INFO: [SYN 201-201] Setting up clock 'default' with a period of 10ns.
INFO: [HLS 200-1510] Running: csynth_design 
INFO: [HLS 200-111] Finished File checks and directory preparation: CPU user time: 0.02 seconds. CPU system time: 0 seconds. Elapsed time: 0.01 seconds; current allocated memory: 122.828 MB.
INFO: [HLS 200-10] Analyzing design file 'blind-axi-split.cpp' ... 
INFO: [HLS 200-111] Finished Source Code Analysis and Preprocessing: CPU user time: 10.07 seconds. CPU system time: 1.41 seconds. Elapsed time: 9.76 seconds; current allocated memory: 123.484 MB.
INFO: [HLS 200-777] Using interface defaults for 'Vivado' flow target.
INFO: [HLS 214-279] Initial Interval estimation mode is set into default.
INFO: [HLS 214-284] Auto array partition mode is set into default.
INFO: [HLS 214-131] Inlining function 'hls::axis<std::complex<ap_fixed<16, 16, (ap_q_mode)1, (ap_o_mode)0, 0> >, 0ul, 0ul, 0ul>::get_user_ptr()' into 'hls::stream<hls::axis<std::complex<ap_fixed<16, 16, (ap_q_mode)1, (ap_o_mode)0, 0> >, 0ul, 0ul, 0ul>, 0>::read(hls::axis<std::complex<ap_fixed<16, 16, (ap_q_mode)1, (ap_o_mode)0, 0> >, 0ul, 0ul, 0ul>&)' (/opt/Xilinx/Vitis_HLS/2021.1/common/technology/autopilot/ap_axi_sdata.h:283:50)
INFO: [HLS 214-131] Inlining function 'hls::axis<std::complex<ap_fixed<16, 16, (ap_q_mode)1, (ap_o_mode)0, 0> >, 0ul, 0ul, 0ul>::get_dest_ptr()' into 'hls::stream<hls::axis<std::complex<ap_fixed<16, 16, (ap_q_mode)1, (ap_o_mode)0, 0> >, 0ul, 0ul, 0ul>, 0>::read(hls::axis<std::complex<ap_fixed<16, 16, (ap_q_mode)1, (ap_o_mode)0, 0> >, 0ul, 0ul, 0ul>&)' (/opt/Xilinx/Vitis_HLS/2021.1/common/technology/autopilot/ap_axi_sdata.h:286:25)
INFO: [HLS 214-131] Inlining function 'hls::axis<std::complex<ap_fixed<16, 16, (ap_q_mode)1, (ap_o_mode)0, 0> >, 0ul, 0ul, 0ul>::get_id_ptr()' into 'hls::stream<hls::axis<std::complex<ap_fixed<16, 16, (ap_q_mode)1, (ap_o_mode)0, 0> >, 0ul, 0ul, 0ul>, 0>::read(hls::axis<std::complex<ap_fixed<16, 16, (ap_q_mode)1, (ap_o_mode)0, 0> >, 0ul, 0ul, 0ul>&)' (/opt/Xilinx/Vitis_HLS/2021.1/common/technology/autopilot/ap_axi_sdata.h:285:67)
INFO: [HLS 214-131] Inlining function 'hls::axis<std::complex<ap_fixed<16, 16, (ap_q_mode)1, (ap_o_mode)0, 0> >, 0ul, 0ul, 0ul>::get_user_ptr()' into 'hls::stream<hls::axis<std::complex<ap_fixed<16, 16, (ap_q_mode)1, (ap_o_mode)0, 0> >, 0ul, 0ul, 0ul>, 0>::read(hls::axis<std::complex<ap_fixed<16, 16, (ap_q_mode)1, (ap_o_mode)0, 0> >, 0ul, 0ul, 0ul>&)' (/opt/Xilinx/Vitis_HLS/2021.1/common/technology/autopilot/ap_axi_sdata.h:285:36)
INFO: [HLS 214-131] Inlining function 'hls::axis<std::complex<ap_fixed<16, 16, (ap_q_mode)1, (ap_o_mode)0, 0> >, 0ul, 0ul, 0ul>::get_dest_ptr()' into 'hls::stream<hls::axis<std::complex<ap_fixed<16, 16, (ap_q_mode)1, (ap_o_mode)0, 0> >, 0ul, 0ul, 0ul>, 0>::read(hls::axis<std::complex<ap_fixed<16, 16, (ap_q_mode)1, (ap_o_mode)0, 0> >, 0ul, 0ul, 0ul>&)' (/opt/Xilinx/Vitis_HLS/2021.1/common/technology/autopilot/ap_axi_sdata.h:284:39)
INFO: [HLS 214-131] Inlining function 'hls::axis<std::complex<ap_fixed<16, 16, (ap_q_mode)1, (ap_o_mode)0, 0> >, 0ul, 0ul, 0ul>::get_id_ptr()' into 'hls::stream<hls::axis<std::complex<ap_fixed<16, 16, (ap_q_mode)1, (ap_o_mode)0, 0> >, 0ul, 0ul, 0ul>, 0>::read(hls::axis<std::complex<ap_fixed<16, 16, (ap_q_mode)1, (ap_o_mode)0, 0> >, 0ul, 0ul, 0ul>&)' (/opt/Xilinx/Vitis_HLS/2021.1/common/technology/autopilot/ap_axi_sdata.h:284:23)
INFO: [HLS 214-131] Inlining function 'hls::axis<std::complex<ap_fixed<16, 16, (ap_q_mode)1, (ap_o_mode)0, 0> >, 0ul, 0ul, 0ul>::get_user_ptr()' into 'hls::stream<hls::axis<std::complex<ap_fixed<16, 16, (ap_q_mode)1, (ap_o_mode)0, 0> >, 0ul, 0ul, 0ul>, 0>::write(hls::axis<std::complex<ap_fixed<16, 16, (ap_q_mode)1, (ap_o_mode)0, 0> >, 0ul, 0ul, 0ul> const&)' (/opt/Xilinx/Vitis_HLS/2021.1/common/technology/autopilot/ap_axi_sdata.h:304:51)
INFO: [HLS 214-131] Inlining function 'hls::axis<std::complex<ap_fixed<16, 16, (ap_q_mode)1, (ap_o_mode)0, 0> >, 0ul, 0ul, 0ul>::get_dest_ptr()' into 'hls::stream<hls::axis<std::complex<ap_fixed<16, 16, (ap_q_mode)1, (ap_o_mode)0, 0> >, 0ul, 0ul, 0ul>, 0>::write(hls::axis<std::complex<ap_fixed<16, 16, (ap_q_mode)1, (ap_o_mode)0, 0> >, 0ul, 0ul, 0ul> const&)' (/opt/Xilinx/Vitis_HLS/2021.1/common/technology/autopilot/ap_axi_sdata.h:307:26)
INFO: [HLS 214-131] Inlining function 'hls::axis<std::complex<ap_fixed<16, 16, (ap_q_mode)1, (ap_o_mode)0, 0> >, 0ul, 0ul, 0ul>::get_id_ptr()' into 'hls::stream<hls::axis<std::complex<ap_fixed<16, 16, (ap_q_mode)1, (ap_o_mode)0, 0> >, 0ul, 0ul, 0ul>, 0>::write(hls::axis<std::complex<ap_fixed<16, 16, (ap_q_mode)1, (ap_o_mode)0, 0> >, 0ul, 0ul, 0ul> const&)' (/opt/Xilinx/Vitis_HLS/2021.1/common/technology/autopilot/ap_axi_sdata.h:306:68)
INFO: [HLS 214-131] Inlining function 'hls::axis<std::complex<ap_fixed<16, 16, (ap_q_mode)1, (ap_o_mode)0, 0> >, 0ul, 0ul, 0ul>::get_user_ptr()' into 'hls::stream<hls::axis<std::complex<ap_fixed<16, 16, (ap_q_mode)1, (ap_o_mode)0, 0> >, 0ul, 0ul, 0ul>, 0>::write(hls::axis<std::complex<ap_fixed<16, 16, (ap_q_mode)1, (ap_o_mode)0, 0> >, 0ul, 0ul, 0ul> const&)' (/opt/Xilinx/Vitis_HLS/2021.1/common/technology/autopilot/ap_axi_sdata.h:306:37)
INFO: [HLS 214-131] Inlining function 'hls::axis<std::complex<ap_fixed<16, 16, (ap_q_mode)1, (ap_o_mode)0, 0> >, 0ul, 0ul, 0ul>::get_dest_ptr()' into 'hls::stream<hls::axis<std::complex<ap_fixed<16, 16, (ap_q_mode)1, (ap_o_mode)0, 0> >, 0ul, 0ul, 0ul>, 0>::write(hls::axis<std::complex<ap_fixed<16, 16, (ap_q_mode)1, (ap_o_mode)0, 0> >, 0ul, 0ul, 0ul> const&)' (/opt/Xilinx/Vitis_HLS/2021.1/common/technology/autopilot/ap_axi_sdata.h:305:40)
INFO: [HLS 214-131] Inlining function 'hls::axis<std::complex<ap_fixed<16, 16, (ap_q_mode)1, (ap_o_mode)0, 0> >, 0ul, 0ul, 0ul>::get_id_ptr()' into 'hls::stream<hls::axis<std::complex<ap_fixed<16, 16, (ap_q_mode)1, (ap_o_mode)0, 0> >, 0ul, 0ul, 0ul>, 0>::write(hls::axis<std::complex<ap_fixed<16, 16, (ap_q_mode)1, (ap_o_mode)0, 0> >, 0ul, 0ul, 0ul> const&)' (/opt/Xilinx/Vitis_HLS/2021.1/common/technology/autopilot/ap_axi_sdata.h:305:24)
INFO: [HLS 214-131] Inlining function 'hls::stream<hls::axis<std::complex<ap_fixed<16, 16, (ap_q_mode)1, (ap_o_mode)0, 0> >, 0ul, 0ul, 0ul>, 0>::read(hls::axis<std::complex<ap_fixed<16, 16, (ap_q_mode)1, (ap_o_mode)0, 0> >, 0ul, 0ul, 0ul>&)' into 'blind_axi_split_module(hls::stream<hls::axis<std::complex<ap_fixed<16, 16, (ap_q_mode)1, (ap_o_mode)0, 0> >, 0ul, 0ul, 0ul>, 0>&, hls::stream<hls::axis<std::complex<ap_fixed<16, 16, (ap_q_mode)1, (ap_o_mode)0, 0> >, 0ul, 0ul, 0ul>, 0>&, hls::stream<hls::axis<std::complex<ap_fixed<16, 16, (ap_q_mode)1, (ap_o_mode)0, 0> >, 0ul, 0ul, 0ul>, 0>&)' (blind-axi-split.cpp:15:9)
INFO: [HLS 214-131] Inlining function 'hls::stream<hls::axis<std::complex<ap_fixed<16, 16, (ap_q_mode)1, (ap_o_mode)0, 0> >, 0ul, 0ul, 0ul>, 0>::write(hls::axis<std::complex<ap_fixed<16, 16, (ap_q_mode)1, (ap_o_mode)0, 0> >, 0ul, 0ul, 0ul> const&)' into 'blind_axi_split_module(hls::stream<hls::axis<std::complex<ap_fixed<16, 16, (ap_q_mode)1, (ap_o_mode)0, 0> >, 0ul, 0ul, 0ul>, 0>&, hls::stream<hls::axis<std::complex<ap_fixed<16, 16, (ap_q_mode)1, (ap_o_mode)0, 0> >, 0ul, 0ul, 0ul>, 0>&, hls::stream<hls::axis<std::complex<ap_fixed<16, 16, (ap_q_mode)1, (ap_o_mode)0, 0> >, 0ul, 0ul, 0ul>, 0>&)' (blind-axi-split.cpp:24:10)
INFO: [HLS 214-131] Inlining function 'hls::stream<hls::axis<std::complex<ap_fixed<16, 16, (ap_q_mode)1, (ap_o_mode)0, 0> >, 0ul, 0ul, 0ul>, 0>::write(hls::axis<std::complex<ap_fixed<16, 16, (ap_q_mode)1, (ap_o_mode)0, 0> >, 0ul, 0ul, 0ul> const&)' into 'blind_axi_split_module(hls::stream<hls::axis<std::complex<ap_fixed<16, 16, (ap_q_mode)1, (ap_o_mode)0, 0> >, 0ul, 0ul, 0ul>, 0>&, hls::stream<hls::axis<std::complex<ap_fixed<16, 16, (ap_q_mode)1, (ap_o_mode)0, 0> >, 0ul, 0ul, 0ul>, 0>&, hls::stream<hls::axis<std::complex<ap_fixed<16, 16, (ap_q_mode)1, (ap_o_mode)0, 0> >, 0ul, 0ul, 0ul>, 0>&)' (blind-axi-split.cpp:23:10)
INFO: [HLS 214-270] Starting automatic array partition analysis...
