

================================================================
== Vitis HLS Report for 'nlms_module_1tap'
================================================================
* Date:           Sun Nov 17 22:38:52 2024

* Version:        2021.1 (Build 3247384 on Thu Jun 10 19:36:07 MDT 2021)
* Project:        adaptive_filter
* Solution:       nlms_1tap (Vivado IP Flow Target)
* Product family: zynq
* Target device:  xc7z020-clg484-3


================================================================
== Performance Estimates
================================================================
+ Timing: 
    * Summary: 
    +--------+---------+----------+------------+
    |  Clock |  Target | Estimated| Uncertainty|
    +--------+---------+----------+------------+
    |ap_clk  |  5.00 ns|  4.892 ns|    50.00 ps|
    +--------+---------+----------+------------+

+ Latency: 
    * Summary: 
    +---------+---------+----------+----------+-----+-----+----------+
    |  Latency (cycles) |  Latency (absolute) |  Interval | Pipeline |
    |   min   |   max   |    min   |    max   | min | max |   Type   |
    +---------+---------+----------+----------+-----+-----+----------+
    |       82|       82|  0.410 us|  0.410 us|   15|   15|  yes(flp)|
    +---------+---------+----------+----------+-----+-----+----------+

    + Detail: 
        * Instance: 
        N/A

        * Loop: 
        N/A



================================================================
== Utilization Estimates
================================================================
* Summary: 
+-----------------+---------+-----+--------+-------+-----+
|       Name      | BRAM_18K| DSP |   FF   |  LUT  | URAM|
+-----------------+---------+-----+--------+-------+-----+
|DSP              |        -|    4|       -|      -|    -|
|Expression       |        -|    -|       0|   5045|    -|
|FIFO             |        -|    -|       -|      -|    -|
|Instance         |        -|  130|   11821|   8310|    -|
|Memory           |        -|    -|       -|      -|    -|
|Multiplexer      |        -|    -|       -|    475|    -|
|Register         |        -|    -|    7835|      -|    -|
+-----------------+---------+-----+--------+-------+-----+
|Total            |        0|  134|   19656|  13830|    0|
+-----------------+---------+-----+--------+-------+-----+
|Available        |      280|  220|  106400|  53200|    0|
+-----------------+---------+-----+--------+-------+-----+
|Utilization (%)  |        0|   60|      18|     25|    0|
+-----------------+---------+-----+--------+-------+-----+

+ Detail: 
    * Instance: 
    +----------------------------+------------------------+---------+----+------+------+-----+
    |          Instance          |         Module         | BRAM_18K| DSP|  FF  |  LUT | URAM|
    +----------------------------+------------------------+---------+----+------+------+-----+
    |add_175s_175ns_175_2_1_U27  |add_175s_175ns_175_2_1  |        0|   0|   580|   132|    0|
    |add_175s_175ns_175_2_1_U28  |add_175s_175ns_175_2_1  |        0|   0|   580|   132|    0|
    |add_175s_175ns_175_2_1_U29  |add_175s_175ns_175_2_1  |        0|   0|   580|   132|    0|
    |add_175s_175ns_175_2_1_U30  |add_175s_175ns_175_2_1  |        0|   0|   580|   132|    0|
    |mul_63ns_32ns_95_2_1_U22    |mul_63ns_32ns_95_2_1    |        0|   6|    34|    47|    0|
    |mul_64s_16s_79_2_1_U2       |mul_64s_16s_79_2_1      |        0|   3|    34|    47|    0|
    |mul_64s_16s_79_2_1_U6       |mul_64s_16s_79_2_1      |        0|   3|    34|    47|    0|
    |mul_64s_16s_79_2_1_U11      |mul_64s_16s_79_2_1      |        0|   3|    34|    47|    0|
    |mul_64s_16s_80_2_1_U1       |mul_64s_16s_80_2_1      |        0|   3|    34|    47|    0|
    |mul_64s_16s_80_2_1_U3       |mul_64s_16s_80_2_1      |        0|   3|    34|    47|    0|
    |mul_64s_16s_80_2_1_U4       |mul_64s_16s_80_2_1      |        0|   3|    34|    47|    0|
    |mul_64s_16s_80_2_1_U7       |mul_64s_16s_80_2_1      |        0|   3|    34|    47|    0|
    |mul_64s_16s_80_2_1_U8       |mul_64s_16s_80_2_1      |        0|   3|    34|    47|    0|
    |mul_64s_16s_80_2_1_U9       |mul_64s_16s_80_2_1      |        0|   3|    34|    47|    0|
    |mul_64s_16s_80_2_1_U10      |mul_64s_16s_80_2_1      |        0|   3|    34|    47|    0|
    |mul_64s_16s_80_2_1_U12      |mul_64s_16s_80_2_1      |        0|   3|    34|    47|    0|
    |mul_64s_16s_80_2_1_U13      |mul_64s_16s_80_2_1      |        0|   3|    34|    47|    0|
    |mul_64s_16s_80_2_1_U14      |mul_64s_16s_80_2_1      |        0|   3|    34|    47|    0|
    |mul_64s_16s_80_2_1_U15      |mul_64s_16s_80_2_1      |        0|   3|    34|    47|    0|
    |mul_64s_16s_80_2_1_U16      |mul_64s_16s_80_2_1      |        0|   3|    34|    47|    0|
    |mul_64s_16s_80_2_1_U17      |mul_64s_16s_80_2_1      |        0|   3|    34|    47|    0|
    |mul_64s_16s_80_2_1_U18      |mul_64s_16s_80_2_1      |        0|   3|    34|    47|    0|
    |mul_64s_16s_80_2_1_U19      |mul_64s_16s_80_2_1      |        0|   3|    34|    47|    0|
    |mul_64s_16s_80_2_1_U20      |mul_64s_16s_80_2_1      |        0|   3|    34|    47|    0|
    |mul_64s_16s_80_2_1_U21      |mul_64s_16s_80_2_1      |        0|   3|    34|    47|    0|
    |mul_95ns_80s_175_2_1_U24    |mul_95ns_80s_175_2_1    |        0|  16|    34|    47|    0|
    |mul_95ns_80s_175_2_1_U26    |mul_95ns_80s_175_2_1    |        0|  16|    34|    47|    0|
    |mul_95ns_81s_175_2_1_U23    |mul_95ns_81s_175_2_1    |        0|  16|    34|    47|    0|
    |mul_95ns_81s_175_2_1_U25    |mul_95ns_81s_175_2_1    |        0|  16|    34|    47|    0|
    |udiv_65s_64ns_64_69_1_U5    |udiv_65s_64ns_64_69_1   |        0|   0|  8651|  6607|    0|
    +----------------------------+------------------------+---------+----+------+------+-----+
    |Total                       |                        |        0| 130| 11821|  8310|    0|
    +----------------------------+------------------------+---------+----+------+------+-----+

    * DSP: 
    +-----------------------------------+-------------------------------+--------------+
    |              Instance             |             Module            |  Expression  |
    +-----------------------------------+-------------------------------+--------------+
    |mac_muladd_16s_16s_32s_32_4_1_U33  |mac_muladd_16s_16s_32s_32_4_1  |  i0 + i1 * i1|
    |mac_muladd_16s_16s_32s_32_4_1_U34  |mac_muladd_16s_16s_32s_32_4_1  |  i0 + i1 * i1|
    |mul_mul_16s_16s_32_4_1_U31         |mul_mul_16s_16s_32_4_1         |       i0 * i0|
    |mul_mul_16s_16s_32_4_1_U32         |mul_mul_16s_16s_32_4_1         |       i0 * i0|
    +-----------------------------------+-------------------------------+--------------+

    * Memory: 
    N/A

    * FIFO: 
    N/A

    * Expression: 
    +-------------------------------------+----------+----+---+----+------------+------------+
    |            Variable Name            | Operation| DSP| FF| LUT| Bitwidth P0| Bitwidth P1|
    +-------------------------------------+----------+----+---+----+------------+------------+
    |add_ln1245_10_fu_2033_p2             |         +|   0|  0|  88|          81|          81|
    |add_ln1245_1_fu_958_p2               |         +|   0|  0|  88|          81|          81|
    |add_ln1245_2_fu_1128_p2              |         +|   0|  0|  88|          81|          81|
    |add_ln1245_3_fu_1171_p2              |         +|   0|  0|  88|          81|          81|
    |add_ln1245_6_fu_729_p2               |         +|   0|  0|  39|          32|          32|
    |add_ln1245_7_fu_2017_p2              |         +|   0|  0|  88|          81|          81|
    |add_ln1245_fu_905_p2                 |         +|   0|  0|  88|          81|          81|
    |add_ln712_1_fu_972_p2                |         +|   0|  0|  71|          64|          64|
    |add_ln712_2_fu_1141_p2               |         +|   0|  0|  71|          64|          64|
    |add_ln712_3_fu_1185_p2               |         +|   0|  0|  71|          64|          64|
    |add_ln712_fu_918_p2                  |         +|   0|  0|  71|          64|          64|
    |p_Val2_6_fu_1623_p2                  |         +|   0|  0|  23|          16|          16|
    |p_Val2_9_fu_1825_p2                  |         +|   0|  0|  23|          16|          16|
    |ret_V_1_fu_1436_p2                   |         -|   0|  0|  72|          65|          65|
    |ret_V_fu_1352_p2                     |         -|   0|  0|  72|          65|          65|
    |sub_ln1171_1_fu_860_p2               |         -|   0|  0|  86|           1|          79|
    |sub_ln1171_2_fu_889_p2               |         -|   0|  0|  86|           1|          79|
    |sub_ln1171_fu_503_p2                 |         -|   0|  0|  86|           1|          79|
    |sub_ln1245_1_fu_881_p2               |         -|   0|  0|  87|          80|          80|
    |sub_ln1245_2_fu_894_p2               |         -|   0|  0|  87|          80|          80|
    |sub_ln1245_fu_508_p2                 |         -|   0|  0|  87|          80|          80|
    |sub_ln1246_1_fu_871_p2               |         -|   0|  0|  88|          81|          81|
    |sub_ln1246_2_fu_1012_p2              |         -|   0|  0|  88|          81|          81|
    |sub_ln1246_5_fu_2023_p2              |         -|   0|  0|  87|          80|          80|
    |sub_ln1246_6_fu_2039_p2              |         -|   0|  0|  87|          80|          80|
    |sub_ln1246_fu_575_p2                 |         -|   0|  0|  88|          81|          81|
    |and_ln406_1_fu_1815_p2               |       and|   0|  0|   2|           1|           1|
    |and_ln406_fu_1613_p2                 |       and|   0|  0|   2|           1|           1|
    |and_ln789_1_fu_1908_p2               |       and|   0|  0|   2|           1|           1|
    |and_ln789_fu_1706_p2                 |       and|   0|  0|   2|           1|           1|
    |and_ln790_1_fu_1922_p2               |       and|   0|  0|   2|           1|           1|
    |and_ln790_fu_1720_p2                 |       and|   0|  0|   2|           1|           1|
    |and_ln794_10_fu_2493_p2              |       and|   0|  0|   2|           1|           1|
    |and_ln794_11_fu_2569_p2              |       and|   0|  0|   2|           1|           1|
    |and_ln794_1_fu_631_p2                |       and|   0|  0|   2|           1|           1|
    |and_ln794_2_fu_1031_p2               |       and|   0|  0|   2|           1|           1|
    |and_ln794_3_fu_1082_p2               |       and|   0|  0|   2|           1|           1|
    |and_ln794_4_fu_1223_p2               |       and|   0|  0|   2|           1|           1|
    |and_ln794_5_fu_1286_p2               |       and|   0|  0|   2|           1|           1|
    |and_ln794_8_fu_2347_p2               |       and|   0|  0|   2|           1|           1|
    |and_ln794_9_fu_2417_p2               |       and|   0|  0|   2|           1|           1|
    |and_ln794_fu_686_p2                  |       and|   0|  0|   2|           1|           1|
    |and_ln795_10_fu_2509_p2              |       and|   0|  0|   2|           1|           1|
    |and_ln795_11_fu_2585_p2              |       and|   0|  0|   2|           1|           1|
    |and_ln795_12_fu_357_p2               |       and|   0|  0|   2|           1|           1|
    |and_ln795_13_fu_427_p2               |       and|   0|  0|   2|           1|           1|
    |and_ln795_1_fu_702_p2                |       and|   0|  0|   2|           1|           1|
    |and_ln795_2_fu_1945_p2               |       and|   0|  0|   2|           1|           1|
    |and_ln795_3_fu_647_p2                |       and|   0|  0|   2|           1|           1|
    |and_ln795_4_fu_1047_p2               |       and|   0|  0|   2|           1|           1|
    |and_ln795_5_fu_1098_p2               |       and|   0|  0|   2|           1|           1|
    |and_ln795_6_fu_1245_p2               |       and|   0|  0|   2|           1|           1|
    |and_ln795_7_fu_1308_p2               |       and|   0|  0|   2|           1|           1|
    |and_ln795_8_fu_2363_p2               |       and|   0|  0|   2|           1|           1|
    |and_ln795_9_fu_2433_p2               |       and|   0|  0|   2|           1|           1|
    |and_ln795_fu_1743_p2                 |       and|   0|  0|   2|           1|           1|
    |carry_1_fu_1643_p2                   |       and|   0|  0|   2|           1|           1|
    |carry_3_fu_1845_p2                   |       and|   0|  0|   2|           1|           1|
    |overflow_1_fu_1468_p2                |       and|   0|  0|   2|           1|           1|
    |overflow_3_fu_1738_p2                |       and|   0|  0|   2|           1|           1|
    |overflow_4_fu_1940_p2                |       and|   0|  0|   2|           1|           1|
    |overflow_fu_1384_p2                  |       and|   0|  0|   2|           1|           1|
    |underflow_1_fu_1963_p2               |       and|   0|  0|   2|           1|           1|
    |underflow_fu_1761_p2                 |       and|   0|  0|   2|           1|           1|
    |Range1_all_ones_3_fu_1875_p2         |      icmp|   0|  0|  13|          17|           2|
    |Range1_all_ones_fu_1673_p2           |      icmp|   0|  0|  13|          17|           2|
    |Range1_all_zeros_1_fu_1881_p2        |      icmp|   0|  0|  13|          17|           1|
    |Range1_all_zeros_fu_1679_p2          |      icmp|   0|  0|  13|          17|           1|
    |Range2_all_ones_1_fu_1860_p2         |      icmp|   0|  0|  13|          16|           2|
    |Range2_all_ones_fu_1658_p2           |      icmp|   0|  0|  13|          16|           2|
    |icmp_ln1551_fu_740_p2                |      icmp|   0|  0|  18|          32|           1|
    |icmp_ln777_1_fu_538_p2               |      icmp|   0|  0|  13|          16|           1|
    |icmp_ln777_2_fu_1208_p2              |      icmp|   0|  0|  13|          17|           1|
    |icmp_ln777_3_fu_940_p2               |      icmp|   0|  0|  13|          17|           1|
    |icmp_ln777_4_fu_994_p2               |      icmp|   0|  0|  13|          17|           1|
    |icmp_ln777_5_fu_1271_p2              |      icmp|   0|  0|  13|          17|           1|
    |icmp_ln777_6_fu_2182_p2              |      icmp|   0|  0|  23|          47|           1|
    |icmp_ln777_7_fu_2230_p2              |      icmp|   0|  0|  23|          47|           1|
    |icmp_ln777_8_fu_2278_p2              |      icmp|   0|  0|  23|          47|           1|
    |icmp_ln777_9_fu_2326_p2              |      icmp|   0|  0|  23|          47|           1|
    |icmp_ln777_fu_607_p2                 |      icmp|   0|  0|  13|          17|           1|
    |icmp_ln795_1_fu_544_p2               |      icmp|   0|  0|  13|          16|           2|
    |icmp_ln795_2_fu_946_p2               |      icmp|   0|  0|  13|          17|           2|
    |icmp_ln795_3_fu_1000_p2              |      icmp|   0|  0|  13|          17|           2|
    |icmp_ln795_4_fu_1234_p2              |      icmp|   0|  0|  13|          17|           2|
    |icmp_ln795_5_fu_1297_p2              |      icmp|   0|  0|  13|          17|           2|
    |icmp_ln795_6_fu_2188_p2              |      icmp|   0|  0|  23|          47|           2|
    |icmp_ln795_7_fu_2236_p2              |      icmp|   0|  0|  23|          47|           2|
    |icmp_ln795_8_fu_2284_p2              |      icmp|   0|  0|  23|          47|           2|
    |icmp_ln795_9_fu_2332_p2              |      icmp|   0|  0|  23|          47|           2|
    |icmp_ln795_fu_613_p2                 |      icmp|   0|  0|  13|          17|           2|
    |r_1_fu_1510_p2                       |      icmp|   0|  0|  17|          31|           1|
    |r_fu_1500_p2                         |      icmp|   0|  0|  17|          31|           1|
    |ap_block_state1_pp0_stage0_iter0     |        or|   0|  0|   2|           1|           1|
    |or_ln340_1_fu_2438_p2                |        or|   0|  0|   2|           1|           1|
    |or_ln340_2_fu_2514_p2                |        or|   0|  0|   2|           1|           1|
    |or_ln340_3_fu_2590_p2                |        or|   0|  0|   2|           1|           1|
    |or_ln340_4_fu_2380_p2                |        or|   0|  0|   2|           1|           1|
    |or_ln340_5_fu_2456_p2                |        or|   0|  0|   2|           1|           1|
    |or_ln340_6_fu_2532_p2                |        or|   0|  0|   2|           1|           1|
    |or_ln340_7_fu_2608_p2                |        or|   0|  0|   2|           1|           1|
    |or_ln340_8_fu_369_p2                 |        or|   0|  0|   2|           1|           1|
    |or_ln340_9_fu_445_p2                 |        or|   0|  0|   2|           1|           1|
    |or_ln340_fu_2368_p2                  |        or|   0|  0|   2|           1|           1|
    |or_ln384_1_fu_660_p2                 |        or|   0|  0|   2|           1|           1|
    |or_ln384_2_fu_1060_p2                |        or|   0|  0|   2|           1|           1|
    |or_ln384_3_fu_1111_p2                |        or|   0|  0|   2|           1|           1|
    |or_ln384_4_fu_1258_p2                |        or|   0|  0|   2|           1|           1|
    |or_ln384_5_fu_1321_p2                |        or|   0|  0|   2|           1|           1|
    |or_ln384_6_fu_1774_p2                |        or|   0|  0|   2|           1|           1|
    |or_ln384_7_fu_1976_p2                |        or|   0|  0|   2|           1|           1|
    |or_ln384_fu_715_p2                   |        or|   0|  0|   2|           1|           1|
    |or_ln406_1_fu_1811_p2                |        or|   0|  0|   2|           1|           1|
    |or_ln406_fu_1609_p2                  |        or|   0|  0|   2|           1|           1|
    |or_ln794_10_fu_2484_p2               |        or|   0|  0|   2|           1|           1|
    |or_ln794_11_fu_2560_p2               |        or|   0|  0|   2|           1|           1|
    |or_ln794_1_fu_622_p2                 |        or|   0|  0|   2|           1|           1|
    |or_ln794_2_fu_1022_p2                |        or|   0|  0|   2|           1|           1|
    |or_ln794_3_fu_1732_p2                |        or|   0|  0|   2|           1|           1|
    |or_ln794_4_fu_1934_p2                |        or|   0|  0|   2|           1|           1|
    |or_ln794_5_fu_1073_p2                |        or|   0|  0|   2|           1|           1|
    |or_ln794_6_fu_1213_p2                |        or|   0|  0|   2|           1|           1|
    |or_ln794_7_fu_1276_p2                |        or|   0|  0|   2|           1|           1|
    |or_ln794_8_fu_2338_p2                |        or|   0|  0|   2|           1|           1|
    |or_ln794_9_fu_2408_p2                |        or|   0|  0|   2|           1|           1|
    |or_ln794_fu_677_p2                   |        or|   0|  0|   2|           1|           1|
    |or_ln795_10_fu_1749_p2               |        or|   0|  0|   2|           1|           1|
    |or_ln795_11_fu_1951_p2               |        or|   0|  0|   2|           1|           1|
    |or_ln795_1_fu_642_p2                 |        or|   0|  0|   2|           1|           1|
    |or_ln795_2_fu_1042_p2                |        or|   0|  0|   2|           1|           1|
    |or_ln795_3_fu_1093_p2                |        or|   0|  0|   2|           1|           1|
    |or_ln795_4_fu_1239_p2                |        or|   0|  0|   2|           1|           1|
    |or_ln795_5_fu_1302_p2                |        or|   0|  0|   2|           1|           1|
    |or_ln795_6_fu_2358_p2                |        or|   0|  0|   2|           1|           1|
    |or_ln795_7_fu_2428_p2                |        or|   0|  0|   2|           1|           1|
    |or_ln795_8_fu_2504_p2                |        or|   0|  0|   2|           1|           1|
    |or_ln795_9_fu_2580_p2                |        or|   0|  0|   2|           1|           1|
    |or_ln795_fu_697_p2                   |        or|   0|  0|   2|           1|           1|
    |deleted_ones_3_fu_1914_p3            |    select|   0|  0|   2|           1|           1|
    |deleted_ones_fu_1712_p3              |    select|   0|  0|   2|           1|           1|
    |deleted_zeros_1_fu_1887_p3           |    select|   0|  0|   2|           1|           1|
    |deleted_zeros_fu_1685_p3             |    select|   0|  0|   2|           1|           1|
    |error_imag_V_fu_1488_p3              |    select|   0|  0|  64|           1|          64|
    |error_real_V_fu_1404_p3              |    select|   0|  0|  64|           1|          64|
    |output_tmp_data_M_imag_V_fu_1982_p3  |    select|   0|  0|  16|           1|          16|
    |output_tmp_data_M_real_V_fu_1780_p3  |    select|   0|  0|  16|           1|          16|
    |rhs_1_fu_1327_p3                     |    select|   0|  0|  64|           1|          64|
    |rhs_fu_1264_p3                       |    select|   0|  0|  64|           1|          64|
    |select_ln340_10_fu_2476_p3           |    select|   0|  0|  64|           1|          64|
    |select_ln340_11_fu_2552_p3           |    select|   0|  0|  64|           1|          64|
    |select_ln340_12_fu_2628_p3           |    select|   0|  0|  64|           1|          64|
    |select_ln340_13_fu_391_p3            |    select|   0|  0|  64|           1|          64|
    |select_ln340_14_fu_467_p3            |    select|   0|  0|  64|           1|          64|
    |select_ln340_3_fu_2386_p3            |    select|   0|  0|  64|           1|          63|
    |select_ln340_4_fu_2462_p3            |    select|   0|  0|  64|           1|          63|
    |select_ln340_5_fu_2538_p3            |    select|   0|  0|  64|           1|          63|
    |select_ln340_6_fu_2614_p3            |    select|   0|  0|  64|           1|          63|
    |select_ln340_7_fu_375_p3             |    select|   0|  0|  64|           1|          63|
    |select_ln340_8_fu_451_p3             |    select|   0|  0|  64|           1|          63|
    |select_ln340_9_fu_2400_p3            |    select|   0|  0|  64|           1|          64|
    |select_ln340_fu_1532_p3              |    select|   0|  0|  63|           1|           2|
    |select_ln384_10_fu_1313_p3           |    select|   0|  0|  65|           1|          63|
    |select_ln384_12_fu_1396_p3           |    select|   0|  0|  65|           1|          63|
    |select_ln384_13_fu_1480_p3           |    select|   0|  0|  65|           1|          63|
    |select_ln384_14_fu_1766_p3           |    select|   0|  0|  17|           1|          15|
    |select_ln384_16_fu_1968_p3           |    select|   0|  0|  17|           1|          15|
    |select_ln384_1_fu_721_p3             |    select|   0|  0|  64|           1|          64|
    |select_ln384_2_fu_652_p3             |    select|   0|  0|  65|           1|          63|
    |select_ln384_3_fu_666_p3             |    select|   0|  0|  64|           1|          64|
    |select_ln384_4_fu_1052_p3            |    select|   0|  0|  65|           1|          63|
    |select_ln384_5_fu_1066_p3            |    select|   0|  0|  64|           1|          64|
    |select_ln384_6_fu_1103_p3            |    select|   0|  0|  65|           1|          63|
    |select_ln384_7_fu_1117_p3            |    select|   0|  0|  64|           1|          64|
    |select_ln384_8_fu_1250_p3            |    select|   0|  0|  65|           1|          63|
    |select_ln384_fu_707_p3               |    select|   0|  0|  65|           1|          63|
    |select_ln388_1_fu_2469_p3            |    select|   0|  0|  65|           1|          65|
    |select_ln388_2_fu_2545_p3            |    select|   0|  0|  65|           1|          65|
    |select_ln388_3_fu_2621_p3            |    select|   0|  0|  65|           1|          65|
    |select_ln388_4_fu_383_p3             |    select|   0|  0|  65|           1|          65|
    |select_ln388_5_fu_459_p3             |    select|   0|  0|  65|           1|          65|
    |select_ln388_fu_2393_p3              |    select|   0|  0|  65|           1|          65|
    |xor_ln340_1_fu_1474_p2               |       xor|   0|  0|   2|           1|           1|
    |xor_ln340_2_fu_2374_p2               |       xor|   0|  0|   2|           2|           1|
    |xor_ln340_3_fu_2450_p2               |       xor|   0|  0|   2|           2|           1|
    |xor_ln340_4_fu_2526_p2               |       xor|   0|  0|   2|           2|           1|
    |xor_ln340_5_fu_2602_p2               |       xor|   0|  0|   2|           2|           1|
    |xor_ln340_6_fu_363_p2                |       xor|   0|  0|   2|           1|           1|
    |xor_ln340_7_fu_433_p2                |       xor|   0|  0|   2|           1|           1|
    |xor_ln340_fu_1390_p2                 |       xor|   0|  0|   2|           1|           1|
    |xor_ln416_1_fu_1839_p2               |       xor|   0|  0|   2|           1|           2|
    |xor_ln416_fu_1637_p2                 |       xor|   0|  0|   2|           1|           2|
    |xor_ln789_1_fu_1902_p2               |       xor|   0|  0|   2|           1|           2|
    |xor_ln789_fu_1700_p2                 |       xor|   0|  0|   2|           1|           2|
    |xor_ln794_10_fu_2342_p2              |       xor|   0|  0|   2|           1|           2|
    |xor_ln794_11_fu_2412_p2              |       xor|   0|  0|   2|           1|           2|
    |xor_ln794_12_fu_2488_p2              |       xor|   0|  0|   2|           1|           2|
    |xor_ln794_13_fu_2564_p2              |       xor|   0|  0|   2|           1|           2|
    |xor_ln794_14_fu_345_p2               |       xor|   0|  0|   2|           1|           2|
    |xor_ln794_15_fu_415_p2               |       xor|   0|  0|   2|           1|           2|
    |xor_ln794_1_fu_1462_p2               |       xor|   0|  0|   2|           1|           2|
    |xor_ln794_2_fu_681_p2                |       xor|   0|  0|   2|           1|           2|
    |xor_ln794_3_fu_626_p2                |       xor|   0|  0|   2|           1|           2|
    |xor_ln794_4_fu_1026_p2               |       xor|   0|  0|   2|           1|           2|
    |xor_ln794_5_fu_1726_p2               |       xor|   0|  0|   2|           1|           2|
    |xor_ln794_6_fu_1928_p2               |       xor|   0|  0|   2|           1|           2|
    |xor_ln794_7_fu_1077_p2               |       xor|   0|  0|   2|           1|           2|
    |xor_ln794_8_fu_1218_p2               |       xor|   0|  0|   2|           1|           2|
    |xor_ln794_9_fu_1281_p2               |       xor|   0|  0|   2|           1|           2|
    |xor_ln794_fu_1378_p2                 |       xor|   0|  0|   2|           1|           2|
    |xor_ln795_10_fu_351_p2               |       xor|   0|  0|   2|           1|           2|
    |xor_ln795_11_fu_421_p2               |       xor|   0|  0|   2|           1|           2|
    |xor_ln795_12_fu_1755_p2              |       xor|   0|  0|   2|           1|           2|
    |xor_ln795_13_fu_1957_p2              |       xor|   0|  0|   2|           1|           2|
    |xor_ln795_1_fu_637_p2                |       xor|   0|  0|   2|           1|           2|
    |xor_ln795_2_fu_1037_p2               |       xor|   0|  0|   2|           1|           2|
    |xor_ln795_3_fu_1088_p2               |       xor|   0|  0|   2|           1|           2|
    |xor_ln795_4_fu_1229_p2               |       xor|   0|  0|   2|           1|           2|
    |xor_ln795_5_fu_1292_p2               |       xor|   0|  0|   2|           1|           2|
    |xor_ln795_6_fu_2353_p2               |       xor|   0|  0|   2|           1|           2|
    |xor_ln795_7_fu_2423_p2               |       xor|   0|  0|   2|           1|           2|
    |xor_ln795_8_fu_2499_p2               |       xor|   0|  0|   2|           1|           2|
    |xor_ln795_9_fu_2575_p2               |       xor|   0|  0|   2|           1|           2|
    |xor_ln795_fu_692_p2                  |       xor|   0|  0|   2|           1|           2|
    +-------------------------------------+----------+----+---+----+------------+------------+
    |Total                                |          |   0|  0|5045|        2526|        4254|
    +-------------------------------------+----------+----+---+----+------------+------------+

    * Multiplexer: 
    +--------------------------------------------+----+-----------+-----+-----------+
    |                    Name                    | LUT| Input Size| Bits| Total Bits|
    +--------------------------------------------+----+-----------+-----+-----------+
    |ap_NS_iter0_fsm                             |  65|         16|   15|        240|
    |ap_NS_iter1_fsm                             |  81|         17|   16|        272|
    |ap_NS_iter2_fsm                             |  81|         17|   16|        272|
    |ap_NS_iter3_fsm                             |  81|         17|   16|        272|
    |ap_NS_iter4_fsm                             |  81|         17|   16|        272|
    |ap_NS_iter5_fsm                             |  41|         10|    9|         90|
    |ap_phi_mux_p_Val2_4_phi_fu_228_p4           |   9|          2|   64|        128|
    |ap_sig_allocacmp_lms_weights_imag_V_1_load  |   9|          2|   64|        128|
    |aux_in_TDATA_blk_n                          |   9|          2|    1|          2|
    |main_in_TDATA_blk_n                         |   9|          2|    1|          2|
    |output_r_TDATA_blk_n                        |   9|          2|    1|          2|
    +--------------------------------------------+----+-----------+-----+-----------+
    |Total                                       | 475|        104|  219|       1680|
    +--------------------------------------------+----+-----------+-----+-----------+

    * Register: 
    +--------------------------------------------------+-----+----+-----+-----------+
    |                       Name                       |  FF | LUT| Bits| Const Bits|
    +--------------------------------------------------+-----+----+-----+-----------+
    |add_ln1245_10_reg_3339                            |   81|   0|   81|          0|
    |add_ln1245_4_reg_2864                             |   32|   0|   32|          0|
    |add_ln1245_6_reg_2869                             |   32|   0|   32|          0|
    |add_ln1245_7_reg_3329                             |   81|   0|   81|          0|
    |add_ln712_1_reg_3094                              |   64|   0|   64|          0|
    |add_ln712_2_reg_3131                              |   64|   0|   64|          0|
    |add_ln712_3_reg_3154                              |   64|   0|   64|          0|
    |add_ln712_reg_3067                                |   64|   0|   64|          0|
    |ap_CS_iter0_fsm                                   |   15|   0|   15|          0|
    |ap_CS_iter1_fsm                                   |   16|   0|   16|          0|
    |ap_CS_iter2_fsm                                   |   16|   0|   16|          0|
    |ap_CS_iter3_fsm                                   |   16|   0|   16|          0|
    |ap_CS_iter4_fsm                                   |   16|   0|   16|          0|
    |ap_CS_iter5_fsm                                   |    9|   0|    9|          0|
    |aux_tmp_data_M_imag_V_reg_2688                    |   16|   0|   16|          0|
    |aux_tmp_data_M_imag_V_reg_2688_pp0_iter0_reg      |   16|   0|   16|          0|
    |aux_tmp_data_M_imag_V_reg_2688_pp0_iter1_reg      |   16|   0|   16|          0|
    |aux_tmp_data_M_imag_V_reg_2688_pp0_iter2_reg      |   16|   0|   16|          0|
    |aux_tmp_data_M_imag_V_reg_2688_pp0_iter3_reg      |   16|   0|   16|          0|
    |aux_tmp_data_M_real_V_reg_2682                    |   16|   0|   16|          0|
    |aux_tmp_data_M_real_V_reg_2682_pp0_iter0_reg      |   16|   0|   16|          0|
    |aux_tmp_data_M_real_V_reg_2682_pp0_iter1_reg      |   16|   0|   16|          0|
    |aux_tmp_data_M_real_V_reg_2682_pp0_iter2_reg      |   16|   0|   16|          0|
    |aux_tmp_data_M_real_V_reg_2682_pp0_iter3_reg      |   16|   0|   16|          0|
    |error_imag_V_reg_3228                             |   64|   0|   64|          0|
    |error_real_V_reg_3202                             |   64|   0|   64|          0|
    |icmp_ln1551_reg_2875                              |    1|   0|    1|          0|
    |icmp_ln1551_reg_2875_pp0_iter0_reg                |    1|   0|    1|          0|
    |icmp_ln1551_reg_2875_pp0_iter1_reg                |    1|   0|    1|          0|
    |icmp_ln1551_reg_2875_pp0_iter2_reg                |    1|   0|    1|          0|
    |icmp_ln1551_reg_2875_pp0_iter3_reg                |    1|   0|    1|          0|
    |icmp_ln1551_reg_2875_pp0_iter4_reg                |    1|   0|    1|          0|
    |icmp_ln777_1_reg_2793                             |    1|   0|    1|          0|
    |icmp_ln777_3_reg_3078                             |    1|   0|    1|          0|
    |icmp_ln777_4_reg_3105                             |    1|   0|    1|          0|
    |icmp_ln777_6_reg_3435                             |    1|   0|    1|          0|
    |icmp_ln777_7_reg_3463                             |    1|   0|    1|          0|
    |icmp_ln777_8_reg_3491                             |    1|   0|    1|          0|
    |icmp_ln777_9_reg_3519                             |    1|   0|    1|          0|
    |icmp_ln777_reg_2832                               |    1|   0|    1|          0|
    |icmp_ln795_1_reg_2798                             |    1|   0|    1|          0|
    |icmp_ln795_2_reg_3083                             |    1|   0|    1|          0|
    |icmp_ln795_3_reg_3110                             |    1|   0|    1|          0|
    |icmp_ln795_6_reg_3440                             |    1|   0|    1|          0|
    |icmp_ln795_7_reg_3468                             |    1|   0|    1|          0|
    |icmp_ln795_8_reg_3496                             |    1|   0|    1|          0|
    |icmp_ln795_9_reg_3524                             |    1|   0|    1|          0|
    |icmp_ln795_reg_2837                               |    1|   0|    1|          0|
    |lms_aux_reg_M_imag_V_0                            |   16|   0|   16|          0|
    |lms_aux_reg_M_imag_V_1                            |   16|   0|   16|          0|
    |lms_aux_reg_M_real_V_0                            |   16|   0|   16|          0|
    |lms_aux_reg_M_real_V_1                            |   16|   0|   16|          0|
    |lms_weights_imag_V_0                              |   64|   0|   64|          0|
    |lms_weights_imag_V_0_load_reg_2964                |   64|   0|   64|          0|
    |lms_weights_imag_V_0_load_reg_2964_pp0_iter4_reg  |   64|   0|   64|          0|
    |lms_weights_imag_V_1                              |   64|   0|   64|          0|
    |lms_weights_imag_V_1_load_reg_2897                |   64|   0|   64|          0|
    |lms_weights_imag_V_1_load_reg_2897_pp0_iter4_reg  |   64|   0|   64|          0|
    |lms_weights_imag_V_2                              |   64|   0|   64|          0|
    |lms_weights_real_V_0                              |   64|   0|   64|          0|
    |lms_weights_real_V_0_load_reg_2953                |   64|   0|   64|          0|
    |lms_weights_real_V_0_load_reg_2953_pp0_iter4_reg  |   64|   0|   64|          0|
    |lms_weights_real_V_1                              |   64|   0|   64|          0|
    |lms_weights_real_V_1_load_reg_2917                |   64|   0|   64|          0|
    |lms_weights_real_V_1_load_reg_2917_pp0_iter4_reg  |   64|   0|   64|          0|
    |lms_weights_real_V_2                              |   64|   0|   64|          0|
    |mu_read_reg_2884                                  |   32|   0|   32|          0|
    |mu_read_reg_2884_pp0_iter1_reg                    |   32|   0|   32|          0|
    |mu_read_reg_2884_pp0_iter2_reg                    |   32|   0|   32|          0|
    |mu_read_reg_2884_pp0_iter3_reg                    |   32|   0|   32|          0|
    |mu_read_reg_2884_pp0_iter4_reg                    |   32|   0|   32|          0|
    |mul_ln1171_10_reg_3016                            |   80|   0|   80|          0|
    |mul_ln1171_11_reg_3021                            |   80|   0|   80|          0|
    |mul_ln1171_16_reg_3284                            |   80|   0|   80|          0|
    |mul_ln1171_17_reg_3289                            |   80|   0|   80|          0|
    |mul_ln1171_18_reg_3377                            |  175|   0|  175|          0|
    |mul_ln1171_19_reg_3294                            |   80|   0|   80|          0|
    |mul_ln1171_1_reg_2739                             |   79|   0|   79|          0|
    |mul_ln1171_20_reg_3299                            |   80|   0|   80|          0|
    |mul_ln1171_21_reg_3382                            |  175|   0|  175|          0|
    |mul_ln1171_22_reg_3304                            |   80|   0|   80|          0|
    |mul_ln1171_23_reg_3309                            |   80|   0|   80|          0|
    |mul_ln1171_24_reg_3387                            |  175|   0|  175|          0|
    |mul_ln1171_25_reg_3314                            |   80|   0|   80|          0|
    |mul_ln1171_26_reg_3319                            |   80|   0|   80|          0|
    |mul_ln1171_27_reg_3392                            |  175|   0|  175|          0|
    |mul_ln1171_2_reg_2744                             |   80|   0|   80|          0|
    |mul_ln1171_3_reg_2749                             |   80|   0|   80|          0|
    |mul_ln1171_4_reg_2991                             |   80|   0|   80|          0|
    |mul_ln1171_5_reg_2935                             |   79|   0|   79|          0|
    |mul_ln1171_6_reg_2940                             |   80|   0|   80|          0|
    |mul_ln1171_7_reg_3001                             |   80|   0|   80|          0|
    |mul_ln1171_8_reg_3006                             |   80|   0|   80|          0|
    |mul_ln1171_9_reg_3011                             |   79|   0|   79|          0|
    |mul_ln1171_reg_2734                               |   80|   0|   80|          0|
    |p_0_reg_2671                                      |   32|   0|   32|          0|
    |p_0_reg_2671_pp0_iter0_reg                        |   32|   0|   32|          0|
    |p_0_reg_2671_pp0_iter1_reg                        |   32|   0|   32|          0|
    |p_0_reg_2671_pp0_iter2_reg                        |   32|   0|   32|          0|
    |p_0_reg_2671_pp0_iter3_reg                        |   32|   0|   32|          0|
    |p_Result_5_reg_3217                               |    1|   0|    1|          0|
    |p_Result_s_reg_3191                               |    1|   0|    1|          0|
    |p_s_reg_2677                                      |    1|   0|    1|          0|
    |p_s_reg_2677_pp0_iter0_reg                        |    1|   0|    1|          0|
    |p_s_reg_2677_pp0_iter1_reg                        |    1|   0|    1|          0|
    |p_s_reg_2677_pp0_iter2_reg                        |    1|   0|    1|          0|
    |p_s_reg_2677_pp0_iter3_reg                        |    1|   0|    1|          0|
    |p_s_reg_2677_pp0_iter4_reg                        |    1|   0|    1|          0|
    |r_1_reg_3243                                      |    1|   0|    1|          0|
    |r_V_4_reg_2754                                    |   16|   0|   16|          0|
    |r_V_4_reg_2754_pp0_iter0_reg                      |   16|   0|   16|          0|
    |r_V_4_reg_2754_pp0_iter1_reg                      |   16|   0|   16|          0|
    |r_V_4_reg_2754_pp0_iter2_reg                      |   16|   0|   16|          0|
    |r_V_4_reg_2754_pp0_iter3_reg                      |   16|   0|   16|          0|
    |r_V_6_reg_2803                                    |   16|   0|   16|          0|
    |r_V_6_reg_2803_pp0_iter0_reg                      |   16|   0|   16|          0|
    |r_V_6_reg_2803_pp0_iter1_reg                      |   16|   0|   16|          0|
    |r_V_6_reg_2803_pp0_iter2_reg                      |   16|   0|   16|          0|
    |r_V_6_reg_2803_pp0_iter3_reg                      |   16|   0|   16|          0|
    |r_V_8_reg_3324                                    |   95|   0|   95|          0|
    |r_reg_3238                                        |    1|   0|    1|          0|
    |ret_V_1_reg_3207                                  |   65|   0|   65|          0|
    |ret_V_reg_3181                                    |   65|   0|   65|          0|
    |rhs_1_reg_3176                                    |   64|   0|   64|          0|
    |rhs_reg_3171                                      |   64|   0|   64|          0|
    |select_ln340_reg_3248                             |   63|   0|   63|          0|
    |select_ln384_1_reg_2853                           |   64|   0|   64|          0|
    |select_ln384_1_reg_2853_pp0_iter0_reg             |   64|   0|   64|          0|
    |select_ln384_1_reg_2853_pp0_iter1_reg             |   64|   0|   64|          0|
    |select_ln384_1_reg_2853_pp0_iter2_reg             |   64|   0|   64|          0|
    |select_ln384_1_reg_2853_pp0_iter3_reg             |   64|   0|   64|          0|
    |select_ln384_3_reg_2842                           |   64|   0|   64|          0|
    |select_ln384_3_reg_2842_pp0_iter0_reg             |   64|   0|   64|          0|
    |select_ln384_3_reg_2842_pp0_iter1_reg             |   64|   0|   64|          0|
    |select_ln384_3_reg_2842_pp0_iter2_reg             |   64|   0|   64|          0|
    |select_ln384_3_reg_2842_pp0_iter3_reg             |   64|   0|   64|          0|
    |sext_ln1169_1_reg_2889                            |   80|   0|   80|          0|
    |sext_ln1169_1_reg_2889_pp0_iter4_reg              |   80|   0|   80|          0|
    |sext_ln1169_2_reg_2945                            |   80|   0|   80|          0|
    |sext_ln1169_2_reg_2945_pp0_iter4_reg              |   80|   0|   80|          0|
    |sext_ln1171_10_reg_2979                           |   80|   0|   80|          0|
    |sext_ln1171_10_reg_2979_pp0_iter4_reg             |   80|   0|   80|          0|
    |sext_ln1171_6_reg_2928                            |   80|   0|   80|          0|
    |sext_ln1171_6_reg_2928_pp0_iter4_reg              |   80|   0|   80|          0|
    |sub_ln1171_1_reg_2996                             |   79|   0|   79|          0|
    |sub_ln1171_2_reg_3046                             |   79|   0|   79|          0|
    |sub_ln1171_reg_2771                               |   79|   0|   79|          0|
    |sub_ln1245_1_reg_3036                             |   80|   0|   80|          0|
    |sub_ln1245_2_reg_3051                             |   80|   0|   80|          0|
    |sub_ln1245_reg_2776                               |   80|   0|   80|          0|
    |sub_ln1246_1_reg_3026                             |   81|   0|   81|          0|
    |sub_ln1246_2_reg_3115                             |   81|   0|   81|          0|
    |sub_ln1246_5_reg_3334                             |   80|   0|   80|          0|
    |sub_ln1246_6_reg_3344                             |   80|   0|   80|          0|
    |sub_ln1246_reg_2815                               |   81|   0|   81|          0|
    |tmp_11_reg_2781                                   |    1|   0|    1|          0|
    |tmp_12_reg_2787                                   |    1|   0|    1|          0|
    |tmp_14_reg_3061                                   |    1|   0|    1|          0|
    |tmp_15_reg_3072                                   |    1|   0|    1|          0|
    |tmp_16_reg_3088                                   |    1|   0|    1|          0|
    |tmp_17_reg_3099                                   |    1|   0|    1|          0|
    |tmp_18_reg_3125                                   |    1|   0|    1|          0|
    |tmp_19_reg_3136                                   |    1|   0|    1|          0|
    |tmp_20_reg_3148                                   |    1|   0|    1|          0|
    |tmp_21_reg_3159                                   |    1|   0|    1|          0|
    |tmp_27_reg_3417                                   |    1|   0|    1|          0|
    |tmp_28_reg_3429                                   |    1|   0|    1|          0|
    |tmp_29_reg_3445                                   |    1|   0|    1|          0|
    |tmp_2_reg_2820                                    |    1|   0|    1|          0|
    |tmp_30_reg_3457                                   |    1|   0|    1|          0|
    |tmp_31_reg_3473                                   |    1|   0|    1|          0|
    |tmp_32_reg_3485                                   |    1|   0|    1|          0|
    |tmp_33_reg_3501                                   |    1|   0|    1|          0|
    |tmp_34_reg_3513                                   |    1|   0|    1|          0|
    |tmp_3_reg_2826                                    |    1|   0|    1|          0|
    |tmp_6_reg_3142                                    |   17|   0|   17|          0|
    |tmp_7_reg_3165                                    |   17|   0|   17|          0|
    |trunc_ln1245_2_reg_3031                           |   64|   0|   64|          0|
    |trunc_ln1245_3_reg_3041                           |   64|   0|   64|          0|
    |trunc_ln1245_4_reg_3120                           |   64|   0|   64|          0|
    |trunc_ln1245_5_reg_3056                           |   64|   0|   64|          0|
    |trunc_ln4_reg_3423                                |   64|   0|   64|          0|
    |trunc_ln717_1_reg_3451                            |   64|   0|   64|          0|
    |trunc_ln717_2_reg_3479                            |   64|   0|   64|          0|
    |trunc_ln717_3_reg_3507                            |   64|   0|   64|          0|
    |udiv_ln712_reg_3233                               |   64|   0|   64|          0|
    |xor_ln794_1_reg_3223                              |    1|   0|    1|          0|
    |xor_ln794_reg_3197                                |    1|   0|    1|          0|
    +--------------------------------------------------+-----+----+-----+-----------+
    |Total                                             | 7835|   0| 7835|          0|
    +--------------------------------------------------+-----+----+-----+-----------+



================================================================
== Interface
================================================================
* Summary: 
+-----------------+-----+-----+--------------+------------------+--------------+
|    RTL Ports    | Dir | Bits|   Protocol   |   Source Object  |    C Type    |
+-----------------+-----+-----+--------------+------------------+--------------+
|ap_clk           |   in|    1|  ap_ctrl_none|  nlms_module_1tap|  return value|
|ap_rst_n         |   in|    1|  ap_ctrl_none|  nlms_module_1tap|  return value|
|main_in_TDATA    |   in|   32|          axis|  main_in_V_data_V|       pointer|
|main_in_TVALID   |   in|    1|          axis|  main_in_V_last_V|       pointer|
|main_in_TREADY   |  out|    1|          axis|  main_in_V_last_V|       pointer|
|main_in_TLAST    |   in|    1|          axis|  main_in_V_last_V|       pointer|
|main_in_TKEEP    |   in|    4|          axis|  main_in_V_keep_V|       pointer|
|main_in_TSTRB    |   in|    4|          axis|  main_in_V_strb_V|       pointer|
|aux_in_TDATA     |   in|   32|          axis|   aux_in_V_data_V|       pointer|
|aux_in_TVALID    |   in|    1|          axis|   aux_in_V_last_V|       pointer|
|aux_in_TREADY    |  out|    1|          axis|   aux_in_V_last_V|       pointer|
|aux_in_TLAST     |   in|    1|          axis|   aux_in_V_last_V|       pointer|
|aux_in_TKEEP     |   in|    4|          axis|   aux_in_V_keep_V|       pointer|
|aux_in_TSTRB     |   in|    4|          axis|   aux_in_V_strb_V|       pointer|
|output_r_TDATA   |  out|   32|          axis|   output_V_data_V|       pointer|
|output_r_TVALID  |  out|    1|          axis|   output_V_last_V|       pointer|
|output_r_TREADY  |   in|    1|          axis|   output_V_last_V|       pointer|
|output_r_TLAST   |  out|    1|          axis|   output_V_last_V|       pointer|
|output_r_TKEEP   |  out|    4|          axis|   output_V_keep_V|       pointer|
|output_r_TSTRB   |  out|    4|          axis|   output_V_strb_V|       pointer|
|mu               |   in|   32|       ap_none|                mu|        scalar|
+-----------------+-----+-----+--------------+------------------+--------------+

