
****** Vitis HLS - High-Level Synthesis from C, C++ and OpenCL v2021.1 (64-bit)
  **** SW Build 3247384 on Thu Jun 10 19:36:07 MDT 2021
  **** IP Build 3246043 on Fri Jun 11 00:30:35 MDT 2021
    ** Copyright 1986-2021 Xilinx, Inc. All Rights Reserved.

source /opt/Xilinx/Vitis_HLS/2021.1/scripts/vitis_hls/hls.tcl -notrace
INFO: [HLS 200-10] Running '/opt/Xilinx/Vitis_HLS/2021.1/bin/unwrapped/lnx64.o/vitis_hls'
INFO: [HLS 200-10] For user 'user' on host 'ubuntuvm' (Linux_x86_64 version 6.5.0-35-generic) on Thu Jul 04 14:26:16 PDT 2024
INFO: [HLS 200-10] On os Ubuntu 22.04.4 LTS
INFO: [HLS 200-10] In directory '/home/user/rfdev/hls-build/axi-split'
Sourcing Tcl script 'run_hls.tcl'
INFO: [HLS 200-1510] Running: open_project -reset blind-axi-split 
INFO: [HLS 200-10] Opening and resetting project '/home/user/rfdev/hls-build/axi-split/blind-axi-split'.
WARNING: [HLS 200-40] No /home/user/rfdev/hls-build/axi-split/blind-axi-split/solution1/solution1.aps file found.
INFO: [HLS 200-1510] Running: add_files blind-axi-split.cpp 
INFO: [HLS 200-10] Adding design file 'blind-axi-split.cpp' to the project
INFO: [HLS 200-1510] Running: add_files blind-axi-split.h 
INFO: [HLS 200-10] Adding design file 'blind-axi-split.h' to the project
INFO: [HLS 200-1510] Running: add_files -tb dummy_tb.cpp 
INFO: [HLS 200-10] Adding test bench file 'dummy_tb.cpp' to the project
INFO: [HLS 200-1510] Running: set_top blind_axi_split_module 
INFO: [HLS 200-1510] Running: open_solution -reset solution1 
INFO: [HLS 200-10] Creating and opening solution '/home/user/rfdev/hls-build/axi-split/blind-axi-split/solution1'.
INFO: [HLS 200-10] Cleaning up the solution database.
WARNING: [HLS 200-40] No /home/user/rfdev/hls-build/axi-split/blind-axi-split/solution1/solution1.aps file found.
INFO: [HLS 200-1505] Using default flow_target 'vivado'
Resolution: For help on HLS 200-1505 see www.xilinx.com/cgi-bin/docs/rdoc?v=2021.1;t=hls+guidance;d=200-1505.html
INFO: [HLS 200-1510] Running: set_part xc7z020clg484 
INFO: [HLS 200-1611] Setting target device to 'xc7z020-clg484-3'
INFO: [HLS 200-1510] Running: create_clock -period 10ns 
INFO: [SYN 201-201] Setting up clock 'default' with a period of 10ns.
INFO: [HLS 200-1510] Running: csynth_design 
INFO: [HLS 200-111] Finished File checks and directory preparation: CPU user time: 0.02 seconds. CPU system time: 0 seconds. Elapsed time: 0.01 seconds; current allocated memory: 122.828 MB.
INFO: [HLS 200-10] Analyzing design file 'blind-axi-split.cpp' ... 
INFO: [HLS 200-111] Finished Source Code Analysis and Preprocessing: CPU user time: 10.07 seconds. CPU system time: 1.41 seconds. Elapsed time: 9.76 seconds; current allocated memory: 123.484 MB.
INFO: [HLS 200-777] Using interface defaults for 'Vivado' flow target.
INFO: [HLS 214-279] Initial Interval estimation mode is set into default.
INFO: [HLS 214-284] Auto array partition mode is set into default.
INFO: [HLS 214-131] Inlining function 'hls::axis<std::complex<ap_fixed<16, 16, (ap_q_mode)1, (ap_o_mode)0, 0> >, 0ul, 0ul, 0ul>::get_user_ptr()' into 'hls::stream<hls::axis<std::complex<ap_fixed<16, 16, (ap_q_mode)1, (ap_o_mode)0, 0> >, 0ul, 0ul, 0ul>, 0>::read(hls::axis<std::complex<ap_fixed<16, 16, (ap_q_mode)1, (ap_o_mode)0, 0> >, 0ul, 0ul, 0ul>&)' (/opt/Xilinx/Vitis_HLS/2021.1/common/technology/autopilot/ap_axi_sdata.h:283:50)
INFO: [HLS 214-131] Inlining function 'hls::axis<std::complex<ap_fixed<16, 16, (ap_q_mode)1, (ap_o_mode)0, 0> >, 0ul, 0ul, 0ul>::get_dest_ptr()' into 'hls::stream<hls::axis<std::complex<ap_fixed<16, 16, (ap_q_mode)1, (ap_o_mode)0, 0> >, 0ul, 0ul, 0ul>, 0>::read(hls::axis<std::complex<ap_fixed<16, 16, (ap_q_mode)1, (ap_o_mode)0, 0> >, 0ul, 0ul, 0ul>&)' (/opt/Xilinx/Vitis_HLS/2021.1/common/technology/autopilot/ap_axi_sdata.h:286:25)
INFO: [HLS 214-131] Inlining function 'hls::axis<std::complex<ap_fixed<16, 16, (ap_q_mode)1, (ap_o_mode)0, 0> >, 0ul, 0ul, 0ul>::get_id_ptr()' into 'hls::stream<hls::axis<std::complex<ap_fixed<16, 16, (ap_q_mode)1, (ap_o_mode)0, 0> >, 0ul, 0ul, 0ul>, 0>::read(hls::axis<std::complex<ap_fixed<16, 16, (ap_q_mode)1, (ap_o_mode)0, 0> >, 0ul, 0ul, 0ul>&)' (/opt/Xilinx/Vitis_HLS/2021.1/common/technology/autopilot/ap_axi_sdata.h:285:67)
INFO: [HLS 214-131] Inlining function 'hls::axis<std::complex<ap_fixed<16, 16, (ap_q_mode)1, (ap_o_mode)0, 0> >, 0ul, 0ul, 0ul>::get_user_ptr()' into 'hls::stream<hls::axis<std::complex<ap_fixed<16, 16, (ap_q_mode)1, (ap_o_mode)0, 0> >, 0ul, 0ul, 0ul>, 0>::read(hls::axis<std::complex<ap_fixed<16, 16, (ap_q_mode)1, (ap_o_mode)0, 0> >, 0ul, 0ul, 0ul>&)' (/opt/Xilinx/Vitis_HLS/2021.1/common/technology/autopilot/ap_axi_sdata.h:285:36)
INFO: [HLS 214-131] Inlining function 'hls::axis<std::complex<ap_fixed<16, 16, (ap_q_mode)1, (ap_o_mode)0, 0> >, 0ul, 0ul, 0ul>::get_dest_ptr()' into 'hls::stream<hls::axis<std::complex<ap_fixed<16, 16, (ap_q_mode)1, (ap_o_mode)0, 0> >, 0ul, 0ul, 0ul>, 0>::read(hls::axis<std::complex<ap_fixed<16, 16, (ap_q_mode)1, (ap_o_mode)0, 0> >, 0ul, 0ul, 0ul>&)' (/opt/Xilinx/Vitis_HLS/2021.1/common/technology/autopilot/ap_axi_sdata.h:284:39)
INFO: [HLS 214-131] Inlining function 'hls::axis<std::complex<ap_fixed<16, 16, (ap_q_mode)1, (ap_o_mode)0, 0> >, 0ul, 0ul, 0ul>::get_id_ptr()' into 'hls::stream<hls::axis<std::complex<ap_fixed<16, 16, (ap_q_mode)1, (ap_o_mode)0, 0> >, 0ul, 0ul, 0ul>, 0>::read(hls::axis<std::complex<ap_fixed<16, 16, (ap_q_mode)1, (ap_o_mode)0, 0> >, 0ul, 0ul, 0ul>&)' (/opt/Xilinx/Vitis_HLS/2021.1/common/technology/autopilot/ap_axi_sdata.h:284:23)
INFO: [HLS 214-131] Inlining function 'hls::axis<std::complex<ap_fixed<16, 16, (ap_q_mode)1, (ap_o_mode)0, 0> >, 0ul, 0ul, 0ul>::get_user_ptr()' into 'hls::stream<hls::axis<std::complex<ap_fixed<16, 16, (ap_q_mode)1, (ap_o_mode)0, 0> >, 0ul, 0ul, 0ul>, 0>::write(hls::axis<std::complex<ap_fixed<16, 16, (ap_q_mode)1, (ap_o_mode)0, 0> >, 0ul, 0ul, 0ul> const&)' (/opt/Xilinx/Vitis_HLS/2021.1/common/technology/autopilot/ap_axi_sdata.h:304:51)
INFO: [HLS 214-131] Inlining function 'hls::axis<std::complex<ap_fixed<16, 16, (ap_q_mode)1, (ap_o_mode)0, 0> >, 0ul, 0ul, 0ul>::get_dest_ptr()' into 'hls::stream<hls::axis<std::complex<ap_fixed<16, 16, (ap_q_mode)1, (ap_o_mode)0, 0> >, 0ul, 0ul, 0ul>, 0>::write(hls::axis<std::complex<ap_fixed<16, 16, (ap_q_mode)1, (ap_o_mode)0, 0> >, 0ul, 0ul, 0ul> const&)' (/opt/Xilinx/Vitis_HLS/2021.1/common/technology/autopilot/ap_axi_sdata.h:307:26)
INFO: [HLS 214-131] Inlining function 'hls::axis<std::complex<ap_fixed<16, 16, (ap_q_mode)1, (ap_o_mode)0, 0> >, 0ul, 0ul, 0ul>::get_id_ptr()' into 'hls::stream<hls::axis<std::complex<ap_fixed<16, 16, (ap_q_mode)1, (ap_o_mode)0, 0> >, 0ul, 0ul, 0ul>, 0>::write(hls::axis<std::complex<ap_fixed<16, 16, (ap_q_mode)1, (ap_o_mode)0, 0> >, 0ul, 0ul, 0ul> const&)' (/opt/Xilinx/Vitis_HLS/2021.1/common/technology/autopilot/ap_axi_sdata.h:306:68)
INFO: [HLS 214-131] Inlining function 'hls::axis<std::complex<ap_fixed<16, 16, (ap_q_mode)1, (ap_o_mode)0, 0> >, 0ul, 0ul, 0ul>::get_user_ptr()' into 'hls::stream<hls::axis<std::complex<ap_fixed<16, 16, (ap_q_mode)1, (ap_o_mode)0, 0> >, 0ul, 0ul, 0ul>, 0>::write(hls::axis<std::complex<ap_fixed<16, 16, (ap_q_mode)1, (ap_o_mode)0, 0> >, 0ul, 0ul, 0ul> const&)' (/opt/Xilinx/Vitis_HLS/2021.1/common/technology/autopilot/ap_axi_sdata.h:306:37)
INFO: [HLS 214-131] Inlining function 'hls::axis<std::complex<ap_fixed<16, 16, (ap_q_mode)1, (ap_o_mode)0, 0> >, 0ul, 0ul, 0ul>::get_dest_ptr()' into 'hls::stream<hls::axis<std::complex<ap_fixed<16, 16, (ap_q_mode)1, (ap_o_mode)0, 0> >, 0ul, 0ul, 0ul>, 0>::write(hls::axis<std::complex<ap_fixed<16, 16, (ap_q_mode)1, (ap_o_mode)0, 0> >, 0ul, 0ul, 0ul> const&)' (/opt/Xilinx/Vitis_HLS/2021.1/common/technology/autopilot/ap_axi_sdata.h:305:40)
INFO: [HLS 214-131] Inlining function 'hls::axis<std::complex<ap_fixed<16, 16, (ap_q_mode)1, (ap_o_mode)0, 0> >, 0ul, 0ul, 0ul>::get_id_ptr()' into 'hls::stream<hls::axis<std::complex<ap_fixed<16, 16, (ap_q_mode)1, (ap_o_mode)0, 0> >, 0ul, 0ul, 0ul>, 0>::write(hls::axis<std::complex<ap_fixed<16, 16, (ap_q_mode)1, (ap_o_mode)0, 0> >, 0ul, 0ul, 0ul> const&)' (/opt/Xilinx/Vitis_HLS/2021.1/common/technology/autopilot/ap_axi_sdata.h:305:24)
INFO: [HLS 214-131] Inlining function 'hls::stream<hls::axis<std::complex<ap_fixed<16, 16, (ap_q_mode)1, (ap_o_mode)0, 0> >, 0ul, 0ul, 0ul>, 0>::read(hls::axis<std::complex<ap_fixed<16, 16, (ap_q_mode)1, (ap_o_mode)0, 0> >, 0ul, 0ul, 0ul>&)' into 'blind_axi_split_module(hls::stream<hls::axis<std::complex<ap_fixed<16, 16, (ap_q_mode)1, (ap_o_mode)0, 0> >, 0ul, 0ul, 0ul>, 0>&, hls::stream<hls::axis<std::complex<ap_fixed<16, 16, (ap_q_mode)1, (ap_o_mode)0, 0> >, 0ul, 0ul, 0ul>, 0>&, hls::stream<hls::axis<std::complex<ap_fixed<16, 16, (ap_q_mode)1, (ap_o_mode)0, 0> >, 0ul, 0ul, 0ul>, 0>&)' (blind-axi-split.cpp:15:9)
INFO: [HLS 214-131] Inlining function 'hls::stream<hls::axis<std::complex<ap_fixed<16, 16, (ap_q_mode)1, (ap_o_mode)0, 0> >, 0ul, 0ul, 0ul>, 0>::write(hls::axis<std::complex<ap_fixed<16, 16, (ap_q_mode)1, (ap_o_mode)0, 0> >, 0ul, 0ul, 0ul> const&)' into 'blind_axi_split_module(hls::stream<hls::axis<std::complex<ap_fixed<16, 16, (ap_q_mode)1, (ap_o_mode)0, 0> >, 0ul, 0ul, 0ul>, 0>&, hls::stream<hls::axis<std::complex<ap_fixed<16, 16, (ap_q_mode)1, (ap_o_mode)0, 0> >, 0ul, 0ul, 0ul>, 0>&, hls::stream<hls::axis<std::complex<ap_fixed<16, 16, (ap_q_mode)1, (ap_o_mode)0, 0> >, 0ul, 0ul, 0ul>, 0>&)' (blind-axi-split.cpp:24:10)
INFO: [HLS 214-131] Inlining function 'hls::stream<hls::axis<std::complex<ap_fixed<16, 16, (ap_q_mode)1, (ap_o_mode)0, 0> >, 0ul, 0ul, 0ul>, 0>::write(hls::axis<std::complex<ap_fixed<16, 16, (ap_q_mode)1, (ap_o_mode)0, 0> >, 0ul, 0ul, 0ul> const&)' into 'blind_axi_split_module(hls::stream<hls::axis<std::complex<ap_fixed<16, 16, (ap_q_mode)1, (ap_o_mode)0, 0> >, 0ul, 0ul, 0ul>, 0>&, hls::stream<hls::axis<std::complex<ap_fixed<16, 16, (ap_q_mode)1, (ap_o_mode)0, 0> >, 0ul, 0ul, 0ul>, 0>&, hls::stream<hls::axis<std::complex<ap_fixed<16, 16, (ap_q_mode)1, (ap_o_mode)0, 0> >, 0ul, 0ul, 0ul>, 0>&)' (blind-axi-split.cpp:23:10)
INFO: [HLS 214-270] Starting automatic array partition analysis...
INFO: [HLS 200-111] Finished Compiling Optimization and Transform: CPU user time: 5.77 seconds. CPU system time: 0.76 seconds. Elapsed time: 6.55 seconds; current allocated memory: 125.633 MB.
INFO: [HLS 200-111] Finished Checking Pragmas: CPU user time: 0 seconds. CPU system time: 0 seconds. Elapsed time: 0 seconds; current allocated memory: 125.635 MB.
INFO: [HLS 200-10] Starting code transformations ...
INFO: [HLS 200-111] Finished Standard Transforms: CPU user time: 0.12 seconds. CPU system time: 0.03 seconds. Elapsed time: 0.15 seconds; current allocated memory: 133.750 MB.
INFO: [HLS 200-10] Checking synthesizability ...
INFO: [HLS 200-111] Finished Checking Synthesizability: CPU user time: 0.23 seconds. CPU system time: 0.04 seconds. Elapsed time: 0.28 seconds; current allocated memory: 144.991 MB.
INFO: [HLS 200-111] Finished Loop, function and other optimizations: CPU user time: 0.36 seconds. CPU system time: 0.04 seconds. Elapsed time: 0.4 seconds; current allocated memory: 177.326 MB.
INFO: [HLS 200-111] Finished Architecture Synthesis: CPU user time: 0.18 seconds. CPU system time: 0 seconds. Elapsed time: 0.2 seconds; current allocated memory: 175.025 MB.
INFO: [HLS 200-10] Starting hardware synthesis ...
INFO: [HLS 200-10] Synthesizing 'blind_axi_split_module' ...
INFO: [HLS 200-10] ----------------------------------------------------------------
INFO: [HLS 200-42] -- Implementing module 'blind_axi_split_module' 
INFO: [HLS 200-10] ----------------------------------------------------------------
INFO: [SCHED 204-11] Starting scheduling ...
INFO: [SCHED 204-61] Pipelining function 'blind_axi_split_module'.
INFO: [HLS 200-1470] Pipelining result : Target II = NA, Final II = 1, Depth = 2, function 'blind_axi_split_module'
INFO: [SCHED 204-11] Finished scheduling.
INFO: [HLS 200-111] Finished Scheduling: CPU user time: 0.1 seconds. CPU system time: 0.02 seconds. Elapsed time: 0.11 seconds; current allocated memory: 175.234 MB.
INFO: [BIND 205-100] Starting micro-architecture generation ...
INFO: [BIND 205-101] Performing variable lifetime analysis.
INFO: [BIND 205-101] Exploring resource sharing.
INFO: [BIND 205-101] Binding ...
INFO: [BIND 205-100] Finished micro-architecture generation.
INFO: [HLS 200-111] Finished Binding: CPU user time: 0.06 seconds. CPU system time: 0.01 seconds. Elapsed time: 0.06 seconds; current allocated memory: 175.387 MB.
INFO: [HLS 200-10] ----------------------------------------------------------------
INFO: [HLS 200-10] -- Generating RTL for module 'blind_axi_split_module' 
INFO: [HLS 200-10] ----------------------------------------------------------------
WARNING: [RTGEN 206-101] Design contains AXI ports. Reset is fixed to synchronous and active low.
INFO: [RTGEN 206-500] Setting interface mode on port 'blind_axi_split_module/in0_V_data_V' to 'axis' (register, both mode).
INFO: [RTGEN 206-500] Setting interface mode on port 'blind_axi_split_module/in0_V_keep_V' to 'axis' (register, both mode).
INFO: [RTGEN 206-500] Setting interface mode on port 'blind_axi_split_module/in0_V_strb_V' to 'axis' (register, both mode).
INFO: [RTGEN 206-500] Setting interface mode on port 'blind_axi_split_module/in0_V_last_V' to 'axis' (register, both mode).
INFO: [RTGEN 206-500] Setting interface mode on port 'blind_axi_split_module/out0_V_data_V' to 'axis' (register, both mode).
INFO: [RTGEN 206-500] Setting interface mode on port 'blind_axi_split_module/out0_V_keep_V' to 'axis' (register, both mode).
INFO: [RTGEN 206-500] Setting interface mode on port 'blind_axi_split_module/out0_V_strb_V' to 'axis' (register, both mode).
INFO: [RTGEN 206-500] Setting interface mode on port 'blind_axi_split_module/out0_V_last_V' to 'axis' (register, both mode).
INFO: [RTGEN 206-500] Setting interface mode on port 'blind_axi_split_module/out1_V_data_V' to 'axis' (register, both mode).
INFO: [RTGEN 206-500] Setting interface mode on port 'blind_axi_split_module/out1_V_keep_V' to 'axis' (register, both mode).
INFO: [RTGEN 206-500] Setting interface mode on port 'blind_axi_split_module/out1_V_strb_V' to 'axis' (register, both mode).
INFO: [RTGEN 206-500] Setting interface mode on port 'blind_axi_split_module/out1_V_last_V' to 'axis' (register, both mode).
INFO: [RTGEN 206-500] Setting interface mode on function 'blind_axi_split_module' to 'ap_ctrl_none'.
INFO: [HLS 200-1030] Apply Unified Pipeline Control on module 'blind_axi_split_module' pipeline 'blind_axi_split_module' pipeline type 'function pipeline'
INFO: [RTGEN 206-100] Finished creating RTL model for 'blind_axi_split_module'.
INFO: [HLS 200-111] Finished Creating RTL model: CPU user time: 0.07 seconds. CPU system time: 0.01 seconds. Elapsed time: 0.08 seconds; current allocated memory: 175.888 MB.
INFO: [HLS 200-111] Finished Generating all RTL models: CPU user time: 0.49 seconds. CPU system time: 0.03 seconds. Elapsed time: 0.51 seconds; current allocated memory: 177.890 MB.
INFO: [HLS 200-111] Finished Updating report files: CPU user time: 0.29 seconds. CPU system time: 0.03 seconds. Elapsed time: 0.32 seconds; current allocated memory: 180.053 MB.
INFO: [VHDL 208-304] Generating VHDL RTL for blind_axi_split_module.
INFO: [VLOG 209-307] Generating Verilog RTL for blind_axi_split_module.
INFO: [HLS 200-789] **** Estimated Fmax: 0.00 MHz
INFO: [HLS 200-111] Finished Command csynth_design CPU user time: 17.78 seconds. CPU system time: 2.39 seconds. Elapsed time: 18.46 seconds; current allocated memory: 180.039 MB.
[2Kvitis_hls> [11CINFO: [HLS 200-112] Total CPU user time: 20.51 seconds. Total CPU system time: 3.36 seconds. Total elapsed time: 98.27 seconds; peak allocated memory: 180.053 MB.
INFO: [Common 17-206] Exiting vitis_hls at Thu Jul  4 14:27:54 2024...
